Removed Pin From Net: NetName=NetD1_1 Pin=R12-1
Removed Pin From Net: NetName=NetD3_1 Pin=R12-2
Removed Pin From Net: NetName=NetD3_1 Pin=R13-1
Removed Pin From Net: NetName=NetIC1_2 Pin=R13-2
Removed Pin From Net: NetName=NetD5_1 Pin=R18-1
Removed Pin From Net: NetName=NetD7_1 Pin=R18-2
Removed Pin From Net: NetName=NetD7_1 Pin=R19-1
Removed Pin From Net: NetName=NetIC3_2 Pin=R19-2
Removed Pin From Net: NetName=NetD9_1 Pin=R24-1
Removed Pin From Net: NetName=NetD11_1 Pin=R24-2
Removed Pin From Net: NetName=NetD11_1 Pin=R25-1
Removed Pin From Net: NetName=NetIC5_2 Pin=R25-2
Removed Pin From Net: NetName=NetIC6_6 Pin=R29-1
Removed Pin From Net: NetName=5V Pin=R29-2
Removed Pin From Net: NetName=NetD13_1 Pin=R30-1
Removed Pin From Net: NetName=NetD15_1 Pin=R30-2
Removed Pin From Net: NetName=NetD15_1 Pin=R31-1
Removed Pin From Net: NetName=NetIC7_2 Pin=R31-2
Change Component DesignItemId : Designator=R12 Old DesignItemId=RMF_330R_1%_0.6W_50PPM_1016-630X250 New DesignItemId=0805R-330
Change Component DesignItemId : Designator=R13 Old DesignItemId=RMF_330R_1%_0.6W_50PPM_1016-630X250 New DesignItemId=0805R-330
Change Component DesignItemId : Designator=R18 Old DesignItemId=RMF_330R_1%_0.6W_50PPM_1016-630X250 New DesignItemId=0805R-330
Change Component DesignItemId : Designator=R19 Old DesignItemId=RMF_330R_1%_0.6W_50PPM_1016-630X250 New DesignItemId=0805R-330
Change Component DesignItemId : Designator=R24 Old DesignItemId=RMF_330R_1%_0.6W_50PPM_1016-630X250 New DesignItemId=0805R-330
Change Component DesignItemId : Designator=R25 Old DesignItemId=RMF_330R_1%_0.6W_50PPM_1016-630X250 New DesignItemId=0805R-330
Change Component DesignItemId : Designator=R30 Old DesignItemId=RMF_330R_1%_0.6W_50PPM_1016-630X250 New DesignItemId=0805R-330
Change Component DesignItemId : Designator=R31 Old DesignItemId=RMF_330R_1%_0.6W_50PPM_1016-630X250 New DesignItemId=0805R-330
Change Component Footprint: Designator=R12 Old Footprint=RES1016-630X250 New Footprint=0805R-330
Change Component Footprint: Designator=R13 Old Footprint=RES1016-630X250 New Footprint=0805R-330
Change Component Footprint: Designator=R18 Old Footprint=RES1016-630X250 New Footprint=0805R-330
Change Component Footprint: Designator=R19 Old Footprint=RES1016-630X250 New Footprint=0805R-330
Change Component Footprint: Designator=R24 Old Footprint=RES1016-630X250 New Footprint=0805R-330
Change Component Footprint: Designator=R25 Old Footprint=RES1016-630X250 New Footprint=0805R-330
Change Component Footprint: Designator=R30 Old Footprint=RES1016-630X250 New Footprint=0805R-330
Change Component Footprint: Designator=R31 Old Footprint=RES1016-630X250 New Footprint=0805R-330
Change Component Comment : Designator=R12 Old Comment=330 New Comment=330R
Change Component Comment : Designator=R13 Old Comment=330 New Comment=330R
Change Component Comment : Designator=R18 Old Comment=330 New Comment=330R
Change Component Comment : Designator=R19 Old Comment=330 New Comment=330R
Change Component Comment : Designator=R24 Old Comment=330 New Comment=330R
Change Component Comment : Designator=R25 Old Comment=330 New Comment=330R
Change Component Comment : Designator=R30 Old Comment=330 New Comment=330R
Change Component Comment : Designator=R31 Old Comment=330 New Comment=330R
Change Component Designator: OldDesignator=R14 NewDesignator=R16
Change Component Designator: OldDesignator=R15 NewDesignator=R17
Change Component Designator: OldDesignator=R20 NewDesignator=R22
Change Component Designator: OldDesignator=R21 NewDesignator=R23
Change Component Designator: OldDesignator=R26 NewDesignator=R28
Change Component Designator: OldDesignator=R27 NewDesignator=R29
Change Component Designator: OldDesignator=R32 NewDesignator=R34
Change Component Designator: OldDesignator=R33 NewDesignator=R35
Added Component: Designator=R14(RES1016-630X250)
Added Component: Designator=R15(RES1016-630X250)
Added Component: Designator=R20(RES1016-630X250)
Added Component: Designator=R21(RES1016-630X250)
Added Component: Designator=R26(RES1016-630X250)
Added Component: Designator=R27(RES1016-630X250)
Added Component: Designator=R32(RES1016-630X250)
Added Component: Designator=R33(RES1016-630X250)
Added Pin To Net: NetName=5V Pin=R12-1
Added Pin To Net: NetName=NetIC1_6 Pin=R12-2
Added Pin To Net: NetName=5V Pin=R13-1
Added Pin To Net: NetName=NetIC2_6 Pin=R13-2
Added Pin To Net: NetName=NetD1_1 Pin=R14-1
Added Pin To Net: NetName=NetD3_1 Pin=R14-2
Added Pin To Net: NetName=NetD3_1 Pin=R15-1
Added Pin To Net: NetName=NetIC1_2 Pin=R15-2
Added Pin To Net: NetName=5V Pin=R18-1
Added Pin To Net: NetName=NetIC3_6 Pin=R18-2
Added Pin To Net: NetName=5V Pin=R19-1
Added Pin To Net: NetName=NetIC4_6 Pin=R19-2
Added Pin To Net: NetName=NetD5_1 Pin=R20-1
Added Pin To Net: NetName=NetD7_1 Pin=R20-2
Added Pin To Net: NetName=NetD7_1 Pin=R21-1
Added Pin To Net: NetName=NetIC3_2 Pin=R21-2
Added Pin To Net: NetName=5V Pin=R24-1
Added Pin To Net: NetName=NetIC5_6 Pin=R24-2
Added Pin To Net: NetName=5V Pin=R25-1
Added Pin To Net: NetName=NetIC6_6 Pin=R25-2
Added Pin To Net: NetName=NetD9_1 Pin=R26-1
Added Pin To Net: NetName=NetD11_1 Pin=R26-2
Added Pin To Net: NetName=NetD11_1 Pin=R27-1
Added Pin To Net: NetName=NetIC5_2 Pin=R27-2
Added Pin To Net: NetName=5V Pin=R30-1
Added Pin To Net: NetName=NetIC7_6 Pin=R30-2
Added Pin To Net: NetName=5V Pin=R31-1
Added Pin To Net: NetName=NetIC8_6 Pin=R31-2
Added Pin To Net: NetName=NetD13_1 Pin=R32-1
Added Pin To Net: NetName=NetD15_1 Pin=R32-2
Added Pin To Net: NetName=NetD15_1 Pin=R33-1
Added Pin To Net: NetName=NetIC7_2 Pin=R33-2
Added Member To Class: ClassName=Input_dig Member=Component R14 330
Added Member To Class: ClassName=Input_dig Member=Component R15 330
Added Member To Class: ClassName=Input_dig Member=Component R16 330
Added Member To Class: ClassName=Input_dig Member=Component R17 330
Added Member To Class: ClassName=Input_dig Member=Component R20 330
Added Member To Class: ClassName=Input_dig Member=Component R21 330
Added Member To Class: ClassName=Input_dig Member=Component R22 330
Added Member To Class: ClassName=Input_dig Member=Component R23 330
Added Member To Class: ClassName=Input_dig Member=Component R26 330
Added Member To Class: ClassName=Input_dig Member=Component R27 330
Added Member To Class: ClassName=Input_dig Member=Component R28 330
Added Member To Class: ClassName=Input_dig Member=Component R29 330
Added Member To Class: ClassName=Input_dig Member=Component R32 330
Added Member To Class: ClassName=Input_dig Member=Component R33 330
Added Member To Class: ClassName=Input_dig Member=Component R34 330
Added Member To Class: ClassName=Input_dig Member=Component R35 330
Added Room: Name=Alimentacao
Added Room: Name=Comu_485
Added Room: Name=conn
Added Room: Name=Input_dig
Added Room: Name=Output_Rele
Added Room: Name=USB_SERIAL
