Removed Pin From Net: NetName=NetJ8_2 Pin=R57-1
Removed Pin From Net: NetName=24V Pin=R*1-0
Removed Pin From Net: NetName=NetD21_2 Pin=R*1-1
Removed Pin From Net: NetName=24V Pin=R*2-0
Removed Pin From Net: NetName=NetD22_2 Pin=R*2-1
Removed Pin From Net: NetName=24V Pin=R*3-0
Removed Pin From Net: NetName=NetD23_2 Pin=R*3-1
Removed Pin From Net: NetName=24V Pin=R*4-0
Removed Pin From Net: NetName=NetD24_2 Pin=R*4-1
Removed Member From Class: ClassName=Output_Rele Member=R*1
Removed Member From Class: ClassName=Output_Rele Member=R*2
Removed Member From Class: ClassName=Output_Rele Member=R*3
Removed Member From Class: ClassName=Output_Rele Member=R*4
Change Component DesignItemId : Designator=R57 Old DesignItemId=0603R-22R New DesignItemId=Rele
Change Component DesignItemId : Designator=R56 Old DesignItemId=0805R-1K New DesignItemId=Rele
Change Component DesignItemId : Designator=R52 Old DesignItemId=0805R-10K New DesignItemId=Rele
Change Component DesignItemId : Designator=R53 Old DesignItemId=0805R-10K New DesignItemId=Rele
Change Component Footprint: Designator=R57 Old Footprint=0603R-22 New Footprint=rele
Change Component Footprint: Designator=R56 Old Footprint=0805R-1K New Footprint=rele
Change Component Footprint: Designator=R52 Old Footprint=0805R-10K New Footprint=rele
Change Component Footprint: Designator=R53 Old Footprint=0805R-10K New Footprint=rele
Change Component Comment : Designator=R56 Old Comment=1K New Comment=Rele
Change Component Comment : Designator=R52 Old Comment=10K New Comment=Rele
Change Component Comment : Designator=R53 Old Comment=10K New Comment=Rele
Change Component Comment : Designator=R57 Old Comment=22R New Comment=Rele
Change Component Designator: OldDesignator=R54 NewDesignator=R58
Change Component Designator: OldDesignator=R55 NewDesignator=R59
Change Component Designator: OldDesignator=R58 NewDesignator=R62
Change Component Designator: OldDesignator=R59 NewDesignator=R63
Added Component: Designator=R54(0805R-10K)
Added Component: Designator=R55(0805R-10K)
Added Component: Designator=R60(0805R-1K)
Added Component: Designator=R61(0603R-22)
Added Pin To Net: NetName=NetJ8_2 Pin=R61-1
Change Net Name : Old Net Name=NetR54_1 New Net Name=NetR58_1
Change Net Name : Old Net Name=NetR54_2 New Net Name=NetR58_2
Change Net Name : Old Net Name=NetR55_1 New Net Name=NetR59_1
Change Net Name : Old Net Name=NetR55_2 New Net Name=NetR59_2
Change Net Name : Old Net Name=NetR58_1 New Net Name=NetR62_1
Change Net Name : Old Net Name=NetR58_2 New Net Name=NetR62_2
Change Net Name : Old Net Name=NetR59_2 New Net Name=NetR63_2
Added Pin To Net: NetName=NetR54_1 Pin=R54-1
Added Pin To Net: NetName=NetR54_1 Pin=U4-35
Added Net: Name=NetR54_1
Added Pin To Net: NetName=NetR54_2 Pin=R54-2
Added Pin To Net: NetName=NetR54_2 Pin=T1-1
Added Net: Name=NetR54_2
Added Pin To Net: NetName=NetR55_1 Pin=R55-1
Added Pin To Net: NetName=NetR55_1 Pin=U4-37
Added Net: Name=NetR55_1
Added Pin To Net: NetName=NetR55_2 Pin=R55-2
Added Pin To Net: NetName=NetR55_2 Pin=T2-1
Added Net: Name=NetR55_2
Added Pin To Net: NetName=NetR60_1 Pin=R60-1
Added Pin To Net: NetName=NetR60_1 Pin=U6-1
Added Net: Name=NetR60_1
Added Pin To Net: NetName=NetR60_2 Pin=R60-2
Added Pin To Net: NetName=NetR60_2 Pin=U4-2
Added Net: Name=NetR60_2
Added Pin To Net: NetName=NetR61_2 Pin=R61-2
Added Pin To Net: NetName=NetR61_2 Pin=U6-16
Added Net: Name=NetR61_2
Added Member To Class: ClassName=Output_Rele Member=Component R56 Rele
Added Member To Class: ClassName=Output_Rele Member=Component R57 Rele
Added Member To Class: ClassName=Output_Rele Member=Component R58 10K
Added Member To Class: ClassName=Output_Rele Member=Component R59 10K
