Removed Pin From Net: NetName=NetIC1_2 Pin=IC1-2
Removed Pin From Net: NetName=NetC15_2 Pin=IC1-3
Removed Pin From Net: NetName=GND Pin=IC1-5
Removed Pin From Net: NetName=NetIC1_6 Pin=IC1-6
Removed Pin From Net: NetName=5V Pin=IC1-7
Removed Pin From Net: NetName=5V Pin=IC1-8
Removed Pin From Net: NetName=NetC19_2 Pin=IC2-3
Removed Pin From Net: NetName=NetC16_2 Pin=IC3-3
Removed Pin From Net: NetName=NetC20_2 Pin=IC4-3
Removed Pin From Net: NetName=NetC17_2 Pin=IC5-3
Removed Pin From Net: NetName=NetC21_2 Pin=IC6-3
Removed Pin From Net: NetName=NetC18_2 Pin=IC7-3
Removed Pin From Net: NetName=NetC22_2 Pin=IC8-3
Removed Pin From Net: NetName=GND Pin=IC9-3
Removed Pin From Net: NetName=NetJ5_1 Pin=J5-1
Removed Pin From Net: NetName=NetJ5_2 Pin=J5-2
Removed Pin From Net: NetName=NetIC1_6 Pin=R12-2
Removed Pin From Net: NetName=NetIC2_6 Pin=R13-2
Removed Pin From Net: NetName=NetIC1_2 Pin=R15-2
Removed Pin From Net: NetName=NetIC2_2 Pin=R17-2
Removed Pin From Net: NetName=NetIC3_6 Pin=R18-2
Removed Pin From Net: NetName=NetIC4_6 Pin=R19-2
Removed Pin From Net: NetName=NetIC3_2 Pin=R21-2
Removed Pin From Net: NetName=NetIC4_2 Pin=R23-2
Removed Pin From Net: NetName=NetIC5_6 Pin=R24-2
Removed Pin From Net: NetName=NetIC6_6 Pin=R25-2
Removed Pin From Net: NetName=NetIC5_2 Pin=R27-2
Removed Pin From Net: NetName=NetIC6_2 Pin=R29-2
Removed Pin From Net: NetName=NetIC7_6 Pin=R30-2
Removed Pin From Net: NetName=NetIC8_6 Pin=R31-2
Removed Pin From Net: NetName=NetIC7_2 Pin=R33-2
Removed Pin From Net: NetName=NetIC8_2 Pin=R35-2
Removed Pin From Net: NetName=NetIC9_6 Pin=R40-2
Removed Pin From Net: NetName=NetIC10_6 Pin=R41-2
Removed Pin From Net: NetName=NetIC9_2 Pin=R42-2
Removed Pin From Net: NetName=NetIC10_2 Pin=R43-2
Removed Pin From Net: NetName=NetIC9_6 Pin=R44-1
Removed Pin From Net: NetName=NetIC10_6 Pin=R45-1
Removed Pin From Net: NetName=NetIC11_6 Pin=R46-2
Removed Pin From Net: NetName=NetIC12_6 Pin=R47-2
Removed Pin From Net: NetName=NetIC11_2 Pin=R48-2
Removed Pin From Net: NetName=NetIC12_2 Pin=R49-2
Removed Pin From Net: NetName=NetIC11_6 Pin=R50-1
Removed Pin From Net: NetName=NetIC12_6 Pin=R51-1
Removed Pin From Net: NetName=NetIC1_6 Pin=U4-1
Removed Pin From Net: NetName=NetIC3_6 Pin=U4-5
Removed Pin From Net: NetName=NetIC5_6 Pin=U4-6
Removed Pin From Net: NetName=NetIC7_6 Pin=U4-7
Removed Pin From Net: NetName=NetIC2_6 Pin=U4-15
Removed Pin From Net: NetName=NetIC4_6 Pin=U4-16
Removed Pin From Net: NetName=NetIC6_6 Pin=U4-17
Removed Pin From Net: NetName=NetIC8_6 Pin=U4-18
Removed Member From Class: ClassName=Output_dig Member=IC9
Change Component DesignItemId : Designator=IC1 Old DesignItemId=HCPL-2601-000E New DesignItemId=LM1117MP-1.8/NOPB
Change Component Description : Designator=IC1 Old Description=Single Optocoupler New Description=3-Terminal Regulator 1=GND 2=OUT 3=IN 4=OUT
Added Component: Designator=IC13(DIP8-300)
Added Component: Designator=IC14(SOP65P490X110-8N)
Added Component: Designator=R64(0805R-330)
Added Component: Designator=R65(0805R-330)
Added Component: Designator=R66(0805R-330)
Added Component: Designator=R67(0805R-330)
Added Pin To Net: NetName=GND Pin=IC1-1
Added Pin To Net: NetName=5V Pin=IC1-3
Added Pin To Net: NetName=NetC15_2 Pin=IC2-3
Added Pin To Net: NetName=NetC19_2 Pin=IC3-3
Added Pin To Net: NetName=NetC16_2 Pin=IC4-3
Added Pin To Net: NetName=NetC20_2 Pin=IC5-3
Added Pin To Net: NetName=NetC17_2 Pin=IC6-3
Added Pin To Net: NetName=NetC21_2 Pin=IC7-3
Added Pin To Net: NetName=NetC18_2 Pin=IC8-3
Added Pin To Net: NetName=NetC22_2 Pin=IC9-3
Added Pin To Net: NetName=NetIC1_2 Pin=IC13-2
Added Pin To Net: NetName=GND Pin=IC13-3
Added Pin To Net: NetName=GND Pin=IC13-5
Added Pin To Net: NetName=NetIC1_6 Pin=IC13-6
Added Pin To Net: NetName=5V Pin=IC13-7
Added Pin To Net: NetName=5V Pin=IC13-8
Added Pin To Net: NetName=NetJ5_2 Pin=IC14-1
Added Pin To Net: NetName=GND Pin=IC14-4
Added Pin To Net: NetName=NetJ5_1 Pin=IC14-7
Added Pin To Net: NetName=NetIC2_6 Pin=R12-2
Added Pin To Net: NetName=NetIC3_6 Pin=R13-2
Added Pin To Net: NetName=NetIC2_2 Pin=R15-2
Added Pin To Net: NetName=NetIC3_2 Pin=R17-2
Added Pin To Net: NetName=NetIC4_6 Pin=R18-2
Added Pin To Net: NetName=NetIC5_6 Pin=R19-2
Added Pin To Net: NetName=NetIC4_2 Pin=R21-2
Added Pin To Net: NetName=NetIC5_2 Pin=R23-2
Added Pin To Net: NetName=NetIC6_6 Pin=R24-2
Added Pin To Net: NetName=NetIC7_6 Pin=R25-2
Added Pin To Net: NetName=NetIC6_2 Pin=R27-2
Added Pin To Net: NetName=NetIC7_2 Pin=R29-2
Added Pin To Net: NetName=NetIC8_6 Pin=R30-2
Added Pin To Net: NetName=NetIC9_6 Pin=R31-2
Added Pin To Net: NetName=NetIC8_2 Pin=R33-2
Added Pin To Net: NetName=NetIC9_2 Pin=R35-2
Added Pin To Net: NetName=NetIC10_6 Pin=R40-2
Added Pin To Net: NetName=NetIC11_6 Pin=R41-2
Added Pin To Net: NetName=NetIC10_2 Pin=R42-2
Added Pin To Net: NetName=NetIC11_2 Pin=R43-2
Added Pin To Net: NetName=NetIC10_6 Pin=R44-1
Added Pin To Net: NetName=NetIC11_6 Pin=R45-1
Added Pin To Net: NetName=NetIC12_6 Pin=R46-2
Added Pin To Net: NetName=NetIC1_6 Pin=R47-2
Added Pin To Net: NetName=NetIC12_2 Pin=R48-2
Added Pin To Net: NetName=NetIC1_2 Pin=R49-2
Added Pin To Net: NetName=NetIC12_6 Pin=R50-1
Added Pin To Net: NetName=NetIC1_6 Pin=R51-1
Added Pin To Net: NetName=5V Pin=R64-1
Added Pin To Net: NetName=NetJ5_2 Pin=R64-2
Added Pin To Net: NetName=5V Pin=R65-1
Added Pin To Net: NetName=NetJ5_1 Pin=R65-2
Added Pin To Net: NetName=NetIC2_6 Pin=U4-1
Added Pin To Net: NetName=NetIC4_6 Pin=U4-5
Added Pin To Net: NetName=NetIC6_6 Pin=U4-6
Added Pin To Net: NetName=NetIC8_6 Pin=U4-7
Added Pin To Net: NetName=NetIC3_6 Pin=U4-15
Added Pin To Net: NetName=NetIC5_6 Pin=U4-16
Added Pin To Net: NetName=NetIC7_6 Pin=U4-17
Added Pin To Net: NetName=NetIC9_6 Pin=U4-18
Change Net Name : Old Net Name=NetIC1_2 New Net Name=NetIC13_2
Change Net Name : Old Net Name=NetIC1_6 New Net Name=NetIC13_6
Change Net Name : Old Net Name=NetJ5_1 New Net Name=NetIC14_7
Change Net Name : Old Net Name=NetJ5_2 New Net Name=NetIC14_1
Added Pin To Net: NetName=3.3V Pin=IC1-2
Added Pin To Net: NetName=3.3V Pin=IC14-8
Added Pin To Net: NetName=3.3V Pin=R66-1
Added Pin To Net: NetName=3.3V Pin=R67-1
Added Net: Name=3.3V
Added Pin To Net: NetName=NetIC14_2 Pin=IC14-2
Added Pin To Net: NetName=NetIC14_2 Pin=IC14-3
Added Pin To Net: NetName=NetIC14_2 Pin=J5-2
Added Pin To Net: NetName=NetIC14_2 Pin=R66-2
Added Net: Name=NetIC14_2
Added Pin To Net: NetName=NetIC14_5 Pin=IC14-5
Added Pin To Net: NetName=NetIC14_5 Pin=IC14-6
Added Pin To Net: NetName=NetIC14_5 Pin=J5-1
Added Pin To Net: NetName=NetIC14_5 Pin=R67-2
Added Net: Name=NetIC14_5
Added Class: Name=I2C
Added Member To Class: ClassName=Alimentacao Member=Component IC1 HCPL-2601-000E
Added Member To Class: ClassName=Input_dig Member=Component IC2 HCPL-2601-000E
Added Member To Class: ClassName=Input_dig Member=Component IC6 HCPL-2601-000E
Added Member To Class: ClassName=Input_dig Member=Component IC9 HCPL-2601-000E
Added Member To Class: ClassName=Output_dig Member=Component IC11 HCPL-2601-000E
Added Member To Class: ClassName=Output_dig Member=Component IC12 HCPL-2601-000E
Added Member To Class: ClassName=Output_dig Member=Component IC13 HCPL-2601-000E
Added Member To Class: ClassName=Input_dig Member=Component R14 330
Added Member To Class: ClassName=Input_dig Member=Component R15 330
Added Member To Class: ClassName=Input_dig Member=Component R20 330
Added Member To Class: ClassName=Input_dig Member=Component R21 330
Added Member To Class: ClassName=Input_dig Member=Component R26 330
Added Member To Class: ClassName=Input_dig Member=Component R27 330
Added Member To Class: ClassName=Input_dig Member=Component R32 330
Added Member To Class: ClassName=Input_dig Member=Component R33 330
Added Room: Name=Alimentacao
Added Room: Name=Comu_485
Added Room: Name=conn
Added Room: Name=eeprom24c32
Added Room: Name=I2C
Added Room: Name=Input_dig
Added Room: Name=Microcontrolador
Added Room: Name=Output_dig
Added Room: Name=Output_Rele
Added Room: Name=RTC_ds1307z
Added Room: Name=USB_SERIAL
