Removed Pin From Net: NetName=NetC15_2 Pin=IC1-3
Removed Pin From Net: NetName=GND Pin=IC1-5
Removed Pin From Net: NetName=5V Pin=IC1-7
Removed Pin From Net: NetName=5V Pin=IC1-8
Removed Pin From Net: NetName=NetD1_1 Pin=R14-1
Removed Pin From Net: NetName=NetD3_1 Pin=R14-2
Removed Pin From Net: NetName=NetD3_1 Pin=R15-1
Removed Pin From Net: NetName=NetD5_1 Pin=R20-1
Removed Pin From Net: NetName=NetD7_1 Pin=R20-2
Removed Pin From Net: NetName=NetD7_1 Pin=R21-1
Removed Pin From Net: NetName=NetIC3_2 Pin=R21-2
Removed Pin From Net: NetName=NetD9_1 Pin=R26-1
Removed Pin From Net: NetName=NetD11_1 Pin=R26-2
Removed Pin From Net: NetName=NetD11_1 Pin=R27-1
Removed Pin From Net: NetName=NetIC5_2 Pin=R27-2
Removed Pin From Net: NetName=NetD13_1 Pin=R32-1
Removed Pin From Net: NetName=NetD15_1 Pin=R32-2
Removed Pin From Net: NetName=NetD15_1 Pin=R33-1
Removed Pin From Net: NetName=NetIC7_2 Pin=R33-2
Change Component DesignItemId : Designator=IC1 Old DesignItemId=HCPL-2601-000E New DesignItemId=LM1117MP-1.8/NOPB
Change Component Description : Designator=IC1 Old Description=Single Optocoupler New Description=3-Terminal Regulator 1=GND 2=OUT 3=IN 4=OUT
Added Component: Designator=IC2(DIP8-300)
Added Component: Designator=IC14(SOP65P490X110-8N)
Added Component: Designator=R14(RES1016-630X250)
Added Component: Designator=R15(RES1016-630X250)
Added Component: Designator=R20(RES1016-630X250)
Added Component: Designator=R21(RES1016-630X250)
Added Component: Designator=R26(RES1016-630X250)
Added Component: Designator=R27(RES1016-630X250)
Added Component: Designator=R32(RES1016-630X250)
Added Component: Designator=R33(RES1016-630X250)
Added Component: Designator=R64(0805R-330)
Added Component: Designator=R65(0805R-330)
Added Component: Designator=R66(0805R-330)
Added Component: Designator=R67(0805R-330)
Added Pin To Net: NetName=GND Pin=IC1-1
Added Pin To Net: NetName=5V Pin=IC1-3
Added Pin To Net: NetName=NetC15_2 Pin=IC2-3
Added Pin To Net: NetName=GND Pin=IC2-5
Added Pin To Net: NetName=5V Pin=IC2-7
Added Pin To Net: NetName=5V Pin=IC2-8
Added Pin To Net: NetName=GND Pin=IC14-4
Added Pin To Net: NetName=NetD1_1 Pin=R14-1
Added Pin To Net: NetName=NetD3_1 Pin=R14-2
Added Pin To Net: NetName=NetD3_1 Pin=R15-1
Added Pin To Net: NetName=NetD5_1 Pin=R20-1
Added Pin To Net: NetName=NetD7_1 Pin=R20-2
Added Pin To Net: NetName=NetD7_1 Pin=R21-1
Added Pin To Net: NetName=NetIC3_2 Pin=R21-2
Added Pin To Net: NetName=NetD9_1 Pin=R26-1
Added Pin To Net: NetName=NetD11_1 Pin=R26-2
Added Pin To Net: NetName=NetD11_1 Pin=R27-1
Added Pin To Net: NetName=NetIC5_2 Pin=R27-2
Added Pin To Net: NetName=NetD13_1 Pin=R32-1
Added Pin To Net: NetName=NetD15_1 Pin=R32-2
Added Pin To Net: NetName=NetD15_1 Pin=R33-1
Added Pin To Net: NetName=NetIC7_2 Pin=R33-2
Added Pin To Net: NetName=5V Pin=R64-1
Added Pin To Net: NetName=5V Pin=R65-1
Added Pin To Net: NetName=3.3V Pin=IC1-2
Added Pin To Net: NetName=3.3V Pin=IC14-8
Added Pin To Net: NetName=3.3V Pin=R66-1
Added Pin To Net: NetName=3.3V Pin=R67-1
Added Net: Name=3.3V
Added Pin To Net: NetName=NetIC14_1 Pin=IC14-1
Added Pin To Net: NetName=NetIC14_1 Pin=R36-2
Added Pin To Net: NetName=NetIC14_1 Pin=R64-2
Added Pin To Net: NetName=NetIC14_1 Pin=U3-6
Added Pin To Net: NetName=NetIC14_1 Pin=U4-43
Added Pin To Net: NetName=NetIC14_1 Pin=U5-6
Added Net: Name=NetIC14_1
Added Pin To Net: NetName=NetIC14_2 Pin=IC14-2
Added Pin To Net: NetName=NetIC14_2 Pin=IC14-3
Added Pin To Net: NetName=NetIC14_2 Pin=J5-2
Added Pin To Net: NetName=NetIC14_2 Pin=R66-2
Added Net: Name=NetIC14_2
Added Pin To Net: NetName=NetIC14_5 Pin=IC14-5
Added Pin To Net: NetName=NetIC14_5 Pin=IC14-6
Added Pin To Net: NetName=NetIC14_5 Pin=J5-1
Added Pin To Net: NetName=NetIC14_5 Pin=R67-2
Added Net: Name=NetIC14_5
Added Pin To Net: NetName=NetIC14_7 Pin=IC14-7
Added Pin To Net: NetName=NetIC14_7 Pin=R37-2
Added Pin To Net: NetName=NetIC14_7 Pin=R65-2
Added Pin To Net: NetName=NetIC14_7 Pin=U3-5
Added Pin To Net: NetName=NetIC14_7 Pin=U4-44
Added Pin To Net: NetName=NetIC14_7 Pin=U5-5
Added Net: Name=NetIC14_7
Added Class: Name=I2C
Added Member To Class: ClassName=Alimentacao Member=Component IC1 HCPL-2601-000E
Added Member To Class: ClassName=Input_dig Member=Component R14 330
Added Member To Class: ClassName=Input_dig Member=Component R15 330
Added Member To Class: ClassName=Input_dig Member=Component R20 330
Added Member To Class: ClassName=Input_dig Member=Component R21 330
Added Member To Class: ClassName=Input_dig Member=Component R26 330
Added Member To Class: ClassName=Input_dig Member=Component R27 330
Added Member To Class: ClassName=Input_dig Member=Component R32 330
Added Member To Class: ClassName=Input_dig Member=Component R33 330
Added Room: Name=Alimentacao
Added Room: Name=Comu_485
Added Room: Name=conn
Added Room: Name=eeprom24c32
Added Room: Name=I2C
Added Room: Name=Input_dig
Added Room: Name=Microcontrolador
Added Room: Name=Output_dig
Added Room: Name=Output_Rele
Added Room: Name=RTC_ds1307z
Added Room: Name=USB_SERIAL
