Added Component: Designator=Q1(TRANSISTOR TO220 PF-C2)
Added Component: Designator=Q2(TRANSISTOR TO220 PF-C2)
Added Component: Designator=Q3(TRANSISTOR TO220 PF-C2)
Added Component: Designator=Q4(TRANSISTOR TO220 PF-C2)
Added Pin To Net: NetName=NetQ1_1 Pin=Q1-1
Added Pin To Net: NetName=NetD17_2 Pin=Q1-2
Added Pin To Net: NetName=GND Pin=Q1-3
Added Pin To Net: NetName=NetQ2_1 Pin=Q2-1
Added Pin To Net: NetName=NetD18_2 Pin=Q2-2
Added Pin To Net: NetName=GND Pin=Q2-3
Added Pin To Net: NetName=NetQ3_1 Pin=Q3-1
Added Pin To Net: NetName=NetD19_2 Pin=Q3-2
Added Pin To Net: NetName=GND Pin=Q3-3
Added Pin To Net: NetName=NetQ4_1 Pin=Q4-1
Added Pin To Net: NetName=NetD20_2 Pin=Q4-2
Added Pin To Net: NetName=GND Pin=Q4-3
Added Member To Class: ClassName=Output_dig Member=Component Q1 TRANSISTOR TIP 122 PF-C2
Added Member To Class: ClassName=Output_dig Member=Component Q2 TRANSISTOR TIP 122 PF-C2
Added Member To Class: ClassName=Output_dig Member=Component Q3 TRANSISTOR TIP 122 PF-C2
Added Member To Class: ClassName=Output_dig Member=Component Q4 TRANSISTOR TIP 122 PF-C2
Added Room: Name=Alimentacao
Added Room: Name=Comu_485
Added Room: Name=conn
Added Room: Name=Input_dig
Added Room: Name=Output_Rele
Added Room: Name=USB_SERIAL
