Removed Pin From Net: NetName=NetIC2_6 Pin=U4-1
Removed Pin From Net: NetName=NetIC4_6 Pin=U4-5
Removed Pin From Net: NetName=NetIC6_6 Pin=U4-6
Removed Pin From Net: NetName=NetIC8_6 Pin=U4-7
Removed Pin From Net: NetName=NetIC3_6 Pin=U4-15
Removed Pin From Net: NetName=NetIC5_6 Pin=U4-16
Removed Pin From Net: NetName=NetIC7_6 Pin=U4-17
Removed Pin From Net: NetName=NetIC9_6 Pin=U4-18
Added Pin To Net: NetName=NetIC9_6 Pin=U4-1
Added Pin To Net: NetName=NetIC7_6 Pin=U4-5
Added Pin To Net: NetName=NetIC5_6 Pin=U4-6
Added Pin To Net: NetName=NetIC3_6 Pin=U4-7
Added Pin To Net: NetName=NetIC8_6 Pin=U4-15
Added Pin To Net: NetName=NetIC6_6 Pin=U4-16
Added Pin To Net: NetName=NetIC4_6 Pin=U4-17
Added Pin To Net: NetName=NetIC2_6 Pin=U4-18
Added Room: Name=Alimentacao
Added Room: Name=Comu_485
Added Room: Name=conn
Added Room: Name=eeprom24c32
Added Room: Name=I2C
Added Room: Name=Input_dig
Added Room: Name=Microcontrolador
Added Room: Name=Output_dig
Added Room: Name=Output_Rele
Added Room: Name=RTC_ds1307z
Added Room: Name=USB_SERIAL
