Change Component Designator: OldDesignator=R? NewDesignator=R72
Added Component: Designator=C36(0805C-TBD)
Added Component: Designator=J12(PHOENIX_1757242)
Added Component: Designator=R68(RES1016-630X250)
Added Component: Designator=R69(RES1016-630X250)
Added Component: Designator=R70(RES1016-630X250)
Added Component: Designator=R71(RES1016-630X250)
Added Pin To Net: NetName=GND Pin=C36-1
Added Pin To Net: NetName=GND Pin=R69-1
Added Pin To Net: NetName=24V Pin=R70-2
Added Pin To Net: NetName=GND Pin=R71-1
Change Net Name : Old Net Name=NetR?_2 New Net Name=NetR72_2
Added Pin To Net: NetName=NetC36_2 Pin=C36-2
Added Pin To Net: NetName=NetC36_2 Pin=J12-2
Added Pin To Net: NetName=NetC36_2 Pin=R68-1
Added Pin To Net: NetName=NetC36_2 Pin=R69-2
Added Net: Name=NetC36_2
Added Pin To Net: NetName=NetJ12_1 Pin=J12-1
Added Pin To Net: NetName=NetJ12_1 Pin=R70-1
Added Pin To Net: NetName=NetJ12_1 Pin=R71-2
Added Net: Name=NetJ12_1
Added Pin To Net: NetName=NetR68_2 Pin=R68-2
Added Pin To Net: NetName=NetR68_2 Pin=U4-82
Added Net: Name=NetR68_2
Added Member To Class: ClassName=Comu_485 Member=Component C36 100nF
Added Member To Class: ClassName=conn Member=Component J12 Family
Added Member To Class: ClassName=Comu_485 Member=Component R68 330
Added Member To Class: ClassName=Comu_485 Member=Component R69 330
Added Member To Class: ClassName=Comu_485 Member=Component R70 330
Added Member To Class: ClassName=Comu_485 Member=Component R71 330
